Fri 21 Apr 2023 05:40:17 PM UTC: 
 tests:  1|8
total_score: 0/70
c3879b6
Fri 21 Apr 2023 05:53:52 PM UTC: 
 treemap.c | 13 +++++++++++++
 1 file changed, 13 insertions(+)
In file included from test.c:4:
treemap.c: In function ‘createTreeMap’:
treemap.c:48:9: error: ‘map’ undeclared (first use in this function)
   48 |         map->lower_than = lt;
      |         ^~~
treemap.c:48:9: note: each undeclared identifier is reported only once for each function it appears in
treemap.c:43:14: error: unused variable ‘new’ [-Werror=unused-variable]
   43 |   TreeNode * new = (TreeNode*)malloc(sizeof(TreeNode));
      |              ^~~
treemap.c: At top level:
treemap.c:52:11: error: redefinition of ‘createTreeMap’
   52 | TreeMap * createTreeMap(int (*lower_than) (void* key1, void* key2)) {
      |           ^~~~~~~~~~~~~
treemap.c:41:15: note: previous definition of ‘createTreeMap’ with type ‘TreeMap *(int (*)(void *, void *))’
   41 |     TreeMap * createTreeMap(int (*lt) (void* key1, void* key2))
      |               ^~~~~~~~~~~~~
cc1: all warnings being treated as errors
Compilation failed
e952001
Fri 21 Apr 2023 05:58:01 PM UTC: 
 treemap.c | 12 +++++-------
 1 file changed, 5 insertions(+), 7 deletions(-)
In file included from test.c:4:
treemap.c:50:11: error: redefinition of ‘createTreeMap’
   50 | TreeMap * createTreeMap(int (*lower_than) (void* key1, void* key2)) {
      |           ^~~~~~~~~~~~~
treemap.c:41:15: note: previous definition of ‘createTreeMap’ with type ‘TreeMap *(int (*)(void *, void *))’
   41 |     TreeMap * createTreeMap(int (*lt) (void* key1, void* key2))
      |               ^~~~~~~~~~~~~
Compilation failed
d388966
Fri 21 Apr 2023 05:58:21 PM UTC: 
 treemap.c | 5 -----
 1 file changed, 5 deletions(-)
 tests:  4|7
total_score: 5/70
0552078
Fri 21 Apr 2023 06:11:38 PM UTC: 
 treemap.c | 64 +++++++++++++++++++++++++++++++++++++++++++++++++++++++++++++++
 1 file changed, 64 insertions(+)
 tests:  4|7
total_score: 5/70
bb46eec
Fri 21 Apr 2023 06:16:40 PM UTC: 
 treemap.c | 11 ++++++++++-
 1 file changed, 10 insertions(+), 1 deletion(-)
In file included from test.c:4:
treemap.c: In function ‘searchTreeMap’:
treemap.c:128:23: error: expected ‘;’ before ‘return’
  128 |   while (node != NULL) // Mientras no se haya llegado al final del árbol
      |                       ^
      |                       ;
......
  131 |     return NULL;
      |     ~~~~~~             
treemap.c:132:1: error: control reaches end of non-void function [-Werror=return-type]
  132 | }
      | ^
cc1: all warnings being treated as errors
Compilation failed
189aa09
Fri 21 Apr 2023 06:19:07 PM UTC: 
 treemap.c | 12 ++++++++----
 1 file changed, 8 insertions(+), 4 deletions(-)
In file included from test.c:4:
treemap.c: In function ‘searchTreeMap’:
treemap.c:147:1: error: expected ‘while’ before ‘Pair’
  147 | Pair * upperBound(TreeMap * tree, void* key) {
      | ^~~~
test.c:503:5: error: ‘main’ is normally a non-static function [-Werror=main]
  503 | int main( int argc, char *argv[] ) {
      |     ^~~~
test.c:606:1: error: expected declaration or statement at end of input
  606 | }
      | ^
test.c:607: error: control reaches end of non-void function [-Werror=return-type]
At top level:
test.c:503:5: error: ‘main’ defined but not used [-Werror=unused-function]
  503 | int main( int argc, char *argv[] ) {
      |     ^~~~
cc1: all warnings being treated as errors
Compilation failed
ae7d4fa
Fri 21 Apr 2023 06:19:52 PM UTC: 
 treemap.c | 4 +---
 1 file changed, 1 insertion(+), 3 deletions(-)
In file included from test.c:4:
treemap.c: In function ‘searchTreeMap’:
treemap.c:133:14: error: returning ‘TreeNode *’ from a function with incompatible return type ‘Pair *’ [-Werror=incompatible-pointer-types]
  133 |       return node;
      |              ^~~~
treemap.c:145:1: error: expected ‘while’ before ‘Pair’
  145 | Pair * upperBound(TreeMap * tree, void* key) {
      | ^~~~
test.c:503:5: error: ‘main’ is normally a non-static function [-Werror=main]
  503 | int main( int argc, char *argv[] ) {
      |     ^~~~
test.c:606:1: error: expected declaration or statement at end of input
  606 | }
      | ^
test.c:607: error: control reaches end of non-void function [-Werror=return-type]
At top level:
test.c:503:5: error: ‘main’ defined but not used [-Werror=unused-function]
  503 | int main( int argc, char *argv[] ) {
      |     ^~~~
cc1: all warnings being treated as errors
Compilation failed
2ac993b
Fri 21 Apr 2023 06:20:20 PM UTC: 
 treemap.c | 2 +-
 1 file changed, 1 insertion(+), 1 deletion(-)
In file included from test.c:4:
treemap.c: In function ‘searchTreeMap’:
treemap.c:133:28: error: returning ‘TreeNode *’ from a function with incompatible return type ‘Pair *’ [-Werror=incompatible-pointer-types]
  133 |       return tree->current = node;
      |              ~~~~~~~~~~~~~~^~~~~~
treemap.c:145:1: error: expected ‘while’ before ‘Pair’
  145 | Pair * upperBound(TreeMap * tree, void* key) {
      | ^~~~
test.c:503:5: error: ‘main’ is normally a non-static function [-Werror=main]
  503 | int main( int argc, char *argv[] ) {
      |     ^~~~
test.c:606:1: error: expected declaration or statement at end of input
  606 | }
      | ^
test.c:607: error: control reaches end of non-void function [-Werror=return-type]
At top level:
test.c:503:5: error: ‘main’ defined but not used [-Werror=unused-function]
  503 | int main( int argc, char *argv[] ) {
      |     ^~~~
cc1: all warnings being treated as errors
Compilation failed
ce17b6f
Fri 21 Apr 2023 06:20:32 PM UTC: 
 treemap.c | 2 +-
 1 file changed, 1 insertion(+), 1 deletion(-)
In file included from test.c:4:
treemap.c: In function ‘searchTreeMap’:
treemap.c:133:18: error: returning ‘TreeNode *’ from a function with incompatible return type ‘Pair *’ [-Werror=incompatible-pointer-types]
  133 |       return tree->current;
      |              ~~~~^~~~~~~~~
treemap.c:145:1: error: expected ‘while’ before ‘Pair’
  145 | Pair * upperBound(TreeMap * tree, void* key) {
      | ^~~~
test.c:503:5: error: ‘main’ is normally a non-static function [-Werror=main]
  503 | int main( int argc, char *argv[] ) {
      |     ^~~~
test.c:606:1: error: expected declaration or statement at end of input
  606 | }
      | ^
test.c:607: error: control reaches end of non-void function [-Werror=return-type]
At top level:
test.c:503:5: error: ‘main’ defined but not used [-Werror=unused-function]
  503 | int main( int argc, char *argv[] ) {
      |     ^~~~
cc1: all warnings being treated as errors
Compilation failed
49ac948
Fri 21 Apr 2023 06:21:00 PM UTC: 
 treemap.c | 2 +-
 1 file changed, 1 insertion(+), 1 deletion(-)
In file included from test.c:4:
treemap.c: In function ‘searchTreeMap’:
treemap.c:145:1: error: expected ‘while’ before ‘Pair’
  145 | Pair * upperBound(TreeMap * tree, void* key) {
      | ^~~~
test.c:503:5: error: ‘main’ is normally a non-static function [-Werror=main]
  503 | int main( int argc, char *argv[] ) {
      |     ^~~~
test.c:606:1: error: expected declaration or statement at end of input
  606 | }
      | ^
test.c:607: error: control reaches end of non-void function [-Werror=return-type]
At top level:
test.c:503:5: error: ‘main’ defined but not used [-Werror=unused-function]
  503 | int main( int argc, char *argv[] ) {
      |     ^~~~
cc1: all warnings being treated as errors
Compilation failed
5bff2f0
Fri 21 Apr 2023 06:26:15 PM UTC: 
 treemap.c | 15 +++++++++++----
 1 file changed, 11 insertions(+), 4 deletions(-)
In file included from test.c:4:
treemap.c:121:1: error: unknown type name ‘It’
  121 | It seems like you have a problem with your code. The error is that the `while` loop is not correctly placed. Here's the corrected version of your code:
      | ^~
treemap.c:121:10: error: expected ‘=’, ‘,’, ‘;’, ‘asm’ or ‘__attribute__’ before ‘like’
  121 | It seems like you have a problem with your code. The error is that the `while` loop is not correctly placed. Here's the corrected version of your code:
      |          ^~~~
treemap.c:121:10: error: unknown type name ‘like’
treemap.c:121:72: error: stray ‘`’ in program
  121 | It seems like you have a problem with your code. The error is that the `while` loop is not correctly placed. Here's the corrected version of your code:
      |                                                                        ^
treemap.c:121:78: error: stray ‘`’ in program
  121 | It seems like you have a problem with your code. The error is that the `while` loop is not correctly placed. Here's the corrected version of your code:
      |                                                                              ^
treemap.c:121:114: error: missing terminating ' character [-Werror]
  121 | It seems like you have a problem with your code. The error is that the `while` loop is not correctly placed. Here's the corrected version of your code:
      |                                                                                                                  ^
treemap.c:121:114: error: missing terminating ' character
  121 | It seems like you have a problem with your code. The error is that the `while` loop is not correctly placed. Here's the corrected version of your code:
      |                                                                                                                  ^~~~~~~~~~~~~~~~~~~~~~~~~~~~~~~~~~~~~~
treemap.c:123:1: error: stray ‘`’ in program
  123 | ```c
      | ^
treemap.c:123:2: error: stray ‘`’ in program
  123 | ```c
      |  ^
treemap.c:123:3: error: stray ‘`’ in program
  123 | ```c
      |   ^
treemap.c:141:1: error: stray ‘`’ in program
  141 | ```
      | ^
treemap.c:141:2: error: stray ‘`’ in program
  141 | ```
      |  ^
treemap.c:141:3: error: stray ‘`’ in program
  141 | ```
      |   ^
cc1: all warnings being treated as errors
Compilation failed
b95c157
Fri 21 Apr 2023 06:26:31 PM UTC: 
 treemap.c | 5 ++---
 1 file changed, 2 insertions(+), 3 deletions(-)
 tests:  11|6
total_score: 15/70
370dc93
Fri 21 Apr 2023 06:52:58 PM UTC: 
 treemap.c | 22 +++++++++++++++++++++-
 1 file changed, 21 insertions(+), 1 deletion(-)
 tests:  11|6
total_score: 15/70
13c535c
Fri 21 Apr 2023 06:53:39 PM UTC: 
 treemap.c | 1 +
 1 file changed, 1 insertion(+)
 tests:  11|6
total_score: 15/70
4d7ec3f
Fri 21 Apr 2023 06:55:18 PM UTC: 
 treemap.c | 3 +++
 1 file changed, 3 insertions(+)
In file included from test.c:4:
treemap.c: In function ‘insertTreeMap’:
treemap.c:81:14: error: unused variable ‘current’ [-Werror=unused-variable]
   81 |   TreeNode * current = tree->root;
      |              ^~~~~~~
treemap.c:80:14: error: unused variable ‘parent’ [-Werror=unused-variable]
   80 |   TreeNode * parent = NULL;
      |              ^~~~~~
treemap.c:79:14: error: unused variable ‘new’ [-Werror=unused-variable]
   79 |   TreeNode * new = createTreeNode(key, value); // crea un nuevo nodo con la clave y valor dados
      |              ^~~
cc1: all warnings being treated as errors
Compilation failed
39fd22b
Fri 21 Apr 2023 06:58:04 PM UTC: 
 treemap.c | 9 +++++++++
 1 file changed, 9 insertions(+)
In file included from test.c:4:
treemap.c: In function ‘insertTreeMap’:
treemap.c:80:14: error: variable ‘parent’ set but not used [-Werror=unused-but-set-variable]
   80 |   TreeNode * parent = NULL;
      |              ^~~~~~
treemap.c:79:14: error: unused variable ‘new’ [-Werror=unused-variable]
   79 |   TreeNode * new = createTreeNode(key, value); // crea un nuevo nodo con la clave y valor dados
      |              ^~~
cc1: all warnings being treated as errors
Compilation failed
52b3fd5
Fri 21 Apr 2023 07:02:42 PM UTC: 
 treemap.c | 10 ++++++++++
 1 file changed, 10 insertions(+)
 tests:  12|6
total_score: 15/70
ffb65c0
Fri 21 Apr 2023 07:03:18 PM UTC: 
 treemap.c | 3 ++-
 1 file changed, 2 insertions(+), 1 deletion(-)
 tests:  13|5
total_score: 25/70
d73102d
Fri 21 Apr 2023 07:05:21 PM UTC: 
 treemap.c | 7 +++++--
 1 file changed, 5 insertions(+), 2 deletions(-)
In file included from test.c:4:
treemap.c: In function ‘firstTreeMap’:
treemap.c:217:1: error: control reaches end of non-void function [-Werror=return-type]
  217 | }
      | ^
cc1: all warnings being treated as errors
Compilation failed
3af3796
Fri 21 Apr 2023 07:05:59 PM UTC: 
 treemap.c | 1 +
 1 file changed, 1 insertion(+)
In file included from test.c:4:
treemap.c: In function ‘firstTreeMap’:
treemap.c:216:14: error: unused variable ‘current’ [-Werror=unused-variable]
  216 |   TreeNode * current = tree->root;
      |              ^~~~~~~
treemap.c:218:1: error: control reaches end of non-void function [-Werror=return-type]
  218 | }
      | ^
cc1: all warnings being treated as errors
Compilation failed
d5c6767
Fri 21 Apr 2023 07:07:28 PM UTC: 
 treemap.c | 8 ++++++++
 1 file changed, 8 insertions(+)
In file included from test.c:4:
treemap.c: In function ‘firstTreeMap’:
treemap.c:220:33: error: expected ‘;’ before ‘}’ token
  220 |   }while (current->left != NULL)
      |                                 ^
      |                                 ;
  221 |  // busca el nodo más a la izquierda del árbol
  222 |   }
      |   ~                              
treemap.c:226:1: error: control reaches end of non-void function [-Werror=return-type]
  226 | }
      | ^
cc1: all warnings being treated as errors
Compilation failed
cead9b2
Fri 21 Apr 2023 07:07:32 PM UTC: 
 treemap.c | 2 +-
 1 file changed, 1 insertion(+), 1 deletion(-)
In file included from test.c:4:
treemap.c:226:1: error: expected identifier or ‘(’ before ‘}’ token
  226 | }
      | ^
treemap.c: In function ‘firstTreeMap’:
treemap.c:222:3: error: control reaches end of non-void function [-Werror=return-type]
  222 |   }
      |   ^
cc1: all warnings being treated as errors
Compilation failed
2e677e7
Fri 21 Apr 2023 07:07:38 PM UTC: 
 treemap.c | 2 +-
 1 file changed, 1 insertion(+), 1 deletion(-)
In file included from test.c:4:
treemap.c: In function ‘firstTreeMap’:
treemap.c:226:1: error: control reaches end of non-void function [-Werror=return-type]
  226 | }
      | ^
cc1: all warnings being treated as errors
Compilation failed
9315de9
Fri 21 Apr 2023 07:08:14 PM UTC: 
 treemap.c | 8 ++++----
 1 file changed, 4 insertions(+), 4 deletions(-)
 tests:  15|4
total_score: 30/70
edc8fa9
Fri 21 Apr 2023 07:08:23 PM UTC: 
 treemap.c | 1 -
 1 file changed, 1 deletion(-)
 tests:  15|4
total_score: 30/70
a22d15e
Sat 22 Apr 2023 10:42:50 PM UTC: 
 treemap.c | 0
 1 file changed, 0 insertions(+), 0 deletions(-)
 tests:  15|4
total_score: 30/70
e26c220
Sat 22 Apr 2023 10:49:20 PM UTC: 
 treemap.c | 1 -
 1 file changed, 1 deletion(-)
In file included from test.c:4:
treemap.c: In function ‘insertTreeMap’:
treemap.c:83:5: error: ‘parent’ undeclared (first use in this function)
   83 |     parent = current;
      |     ^~~~~~
treemap.c:83:5: note: each undeclared identifier is reported only once for each function it appears in
Compilation failed
1ee0a30
Sat 22 Apr 2023 10:51:07 PM UTC: 
 treemap.c | 1 +
 1 file changed, 1 insertion(+)
 tests:  15|4
total_score: 30/70
690f3a7
Sat 22 Apr 2023 11:16:30 PM UTC: 
 treemap.c | 5 +++--
 1 file changed, 3 insertions(+), 2 deletions(-)
In file included from test.c:4:
treemap.c: In function ‘minimum’:
treemap.c:118:1: error: expected expression before ‘}’ token
  118 | }
      | ^
treemap.c:118:1: error: control reaches end of non-void function [-Werror=return-type]
  118 | }
      | ^
cc1: all warnings being treated as errors
Compilation failed
133c1dc
Sat 22 Apr 2023 11:16:56 PM UTC: 
 treemap.c | 3 +++
 1 file changed, 3 insertions(+)
In file included from test.c:4:
treemap.c: In function ‘minimum’:
treemap.c:121:1: error: control reaches end of non-void function [-Werror=return-type]
  121 | }
      | ^
cc1: all warnings being treated as errors
Compilation failed
b06994e
